<?xml version="1.0" encoding="UTF-8"?>
<!-- Generated by org.testng.reporters.JUnitReportReporter -->
<testsuite hostname="DESKTOP-C6M5A7U" failures="0" tests="1" name="New_Packages.SQL_Connection" time="4.771" errors="0" timestamp="2023-01-08T16:17:50 IST" skipped="0">
  <testcase classname="New_Packages.SQL_Connection" name="test" time="4.771"/>
  <system-out/>
</testsuite> <!-- New_Packages.SQL_Connection -->
