<?xml version="1.0" encoding="UTF-8"?>
<!-- Generated by org.testng.reporters.JUnitReportReporter -->
<testsuite hostname="DESKTOP-C6M5A7U" failures="0" tests="1" name="New_Packages.TestNG_Test_Class" time="0.013" errors="0" timestamp="2022-12-16T22:59:22 IST" skipped="0">
  <testcase classname="New_Packages.TestNG_Test_Class" name="test" time="0.013"/>
  <system-out/>
</testsuite> <!-- New_Packages.TestNG_Test_Class -->
